This is pdfTeX, Version 3.1415926-2.5-1.40.14 (TeX Live 2013/Debian) (format=pdflatex 2016.12.16)  16 DEC 2016 16:47
entering extended mode
 restricted \write18 enabled.
 %&-line parsing enabled.
**README.tex
(./README.tex
LaTeX2e <2011/06/27>
Babel <3.9h> and hyphenation patterns for 2 languages loaded.
(/usr/share/texlive/texmf-dist/tex/latex/base/book.cls
Document Class: book 2007/10/19 v1.4h Standard LaTeX document class
(/usr/share/texlive/texmf-dist/tex/latex/base/bk10.clo
File: bk10.clo 2007/10/19 v1.4h Standard LaTeX file (size option)
)
\c@part=\count79
\c@chapter=\count80
\c@section=\count81
\c@subsection=\count82
\c@subsubsection=\count83
\c@paragraph=\count84
\c@subparagraph=\count85
\c@figure=\count86
\c@table=\count87
\abovecaptionskip=\skip41
\belowcaptionskip=\skip42
\bibindent=\dimen102
)

LaTeX Warning: Unused global option(s):
    [14pt].

(./README.aux)
\openout1 = `README.aux'.

LaTeX Font Info:    Checking defaults for OML/cmm/m/it on input line 4.
LaTeX Font Info:    ... okay on input line 4.
LaTeX Font Info:    Checking defaults for T1/cmr/m/n on input line 4.
LaTeX Font Info:    ... okay on input line 4.
LaTeX Font Info:    Checking defaults for OT1/cmr/m/n on input line 4.
LaTeX Font Info:    ... okay on input line 4.
LaTeX Font Info:    Checking defaults for OMS/cmsy/m/n on input line 4.
LaTeX Font Info:    ... okay on input line 4.
LaTeX Font Info:    Checking defaults for OMX/cmex/m/n on input line 4.
LaTeX Font Info:    ... okay on input line 4.
LaTeX Font Info:    Checking defaults for U/cmr/m/n on input line 4.
LaTeX Font Info:    ... okay on input line 4.
Missing character: There is no – in font cmbx12!
Missing character: There is no í in font cmbx12!
Missing character: There is no – in font cmbx12!
Missing character: There is no ≤ in font cmbx12!
Missing character: There is no – in font cmbx12!
Missing character: There is no µ in font cmbx12!
Missing character: There is no – in font cmbx12!
Missing character: There is no ¥ in font cmbx12!
Missing character: There is no – in font cmbx12!
Missing character: There is no µ in font cmbx12!
Missing character: There is no – in font cmbx12!
Missing character: There is no Ω in font cmbx12!
Missing character: There is no – in font cmbx12!
Missing character: There is no ∏ in font cmbx12!
Missing character: There is no – in font cmbx12!
Missing character: There is no µ in font cmbx12!
Missing character: There is no – in font cmbx12!
Missing character: There is no û in font cmbx12!
Missing character: There is no – in font cmbx12!
Missing character: There is no ± in font cmbx12!
Missing character: There is no – in font cmbx12!
Missing character: There is no ∑ in font cmbx12!
Missing character: There is no – in font cmbx12!
Missing character: There is no æ in font cmbx12!
Missing character: There is no — in font cmbx12!
Missing character: There is no Ä in font cmbx12!
Missing character: There is no – in font cmbx12!
Missing character: There is no Ω in font cmbx12!
Missing character: There is no – in font cmbx12!
Missing character: There is no ∞ in font cmbx12!
Missing character: There is no — in font cmbx12!
Missing character: There is no è in font cmbx12!
Missing character: There is no — in font cmbx12!
Missing character: There is no á in font cmbx12!
Missing character: There is no – in font cmbx12!
Missing character: There is no ∞ in font cmbx12!
Missing character: There is no — in font cmbx12!
Missing character: There is no Å in font cmbx12!
Missing character: There is no — in font cmbx12!
Missing character: There is no Ç in font cmbx12!
Missing character: There is no — in font cmbx12!
Missing character: There is no å in font cmbx12!
Missing character: There is no – in font cmbx12!
Missing character: There is no ú in font cmbx12!
Missing character: There is no – in font cmbx12!
Missing character: There is no ∞ in font cmbx12!
Missing character: There is no — in font cmbx12!
Missing character: There is no Ç in font cmbx12!
Missing character: There is no – in font cmbx12!
Missing character: There is no µ in font cmbx12!
Missing character: There is no – in font cmbx12!
Missing character: There is no º in font cmbx12!
Missing character: There is no – in font cmbx12!
Missing character: There is no ∞ in font cmbx12!
Missing character: There is no — in font cmbx12!
Missing character: There is no Ç in font cmbx12!
Missing character: There is no – in font cmbx12!
Missing character: There is no ∏ in font cmbx12!
Missing character: There is no — in font cmbx12!
Missing character: There is no á in font cmbx12!
Missing character: There is no – in font cmbx12!
Missing character: There is no µ in font cmbx12!
Missing character: There is no — in font cmbx12!
Missing character: There is no Å in font cmbx12!
Missing character: There is no – in font cmbx12!
Missing character: There is no ∫ in font cmbx12!
Missing character: There is no – in font cmbx12!
Missing character: There is no ∞ in font cmbx12!
Missing character: There is no — in font cmbx12!
Missing character: There is no è in font cmbx12!
Missing character: There is no – in font cmbx12!
Missing character: There is no º in font cmbx12!
Missing character: There is no – in font cmbx12!
Missing character: There is no æ in font cmbx12!
Missing character: There is no – in font cmbx12!
Missing character: There is no ¥ in font cmbx12!
Missing character: There is no – in font cmbx12!
Missing character: There is no µ in font cmbx12!
Missing character: There is no – in font cmbx12!
Missing character: There is no ª in font cmbx12!
Missing character: There is no — in font cmbx12!
Missing character: There is no å in font cmbx12!
Missing character: There is no – in font cmsl10!
Missing character: There is no í in font cmsl10!
Missing character: There is no – in font cmsl10!
Missing character: There is no í in font cmsl10!
Missing character: There is no – in font cmsl10!
Missing character: There is no ï in font cmsl10!
Missing character: There is no – in font cmsl10!
Missing character: There is no î in font cmsl10!
Missing character: There is no – in font cmsl10!
Missing character: There is no ï in font cmsl10!
Missing character: There is no – in font cmsl10!
Missing character: There is no Ω in font cmsl10!
Missing character: There is no – in font cmsl10!
Missing character: There is no ò in font cmsl10!
Missing character: There is no – in font cmsl10!
Missing character: There is no ï in font cmsl10!
 [1{/var/lib/texmf/fonts/map/pdftex/updmap/pdftex.map}

]
(./README.aux) ) 
Here is how much of TeX's memory you used:
 230 strings out of 495028
 2436 string characters out of 6181496
 47446 words of memory out of 5000000
 3523 multiletter control sequences out of 15000+600000
 4598 words of font info for 17 fonts, out of 8000000 for 9000
 14 hyphenation exceptions out of 8191
 23i,4n,17p,188b,141s stack positions out of 5000i,500n,10000p,200000b,80000s
</usr/share/texlive/texmf-dist/fonts/type1/public/amsfonts/cm/c
mbx12.pfb></usr/share/texlive/texmf-dist/fonts/type1/public/amsfonts/cm/cmr10.p
fb></usr/share/texlive/texmf-dist/fonts/type1/public/amsfonts/cm/cmsl10.pfb>
Output written on README.pdf (1 page, 23747 bytes).
PDF statistics:
 20 PDF objects out of 1000 (max. 8388607)
 13 compressed objects within 1 object stream
 0 named destinations out of 1000 (max. 500000)
 1 words of extra memory for PDF output out of 10000 (max. 10000000)

